<?xml version="1.0" encoding="UTF-8"?>
<!-- Generated by org.testng.reporters.JUnitXMLReporter -->
<testsuite ignored="1" hostname="DESKTOP-EVNKM3L" failures="0" tests="6" name="Default test" time="0.075" errors="0" timestamp="2022-04-03T19:34:13 IST">
  <testcase classname="testNGFramework.FlagsOfTestNG" name="run" time="0.007"/>
  <testcase classname="testNGFramework.FlagsOfTestNG" name="run" time="0.002"/>
  <testcase classname="testNGFramework.FlagsOfTestNG" name="run" time="0.002"/>
  <testcase classname="testNGFramework.FlagsOfTestNG" name="run" time="0.004"/>
  <testcase classname="testNGFramework.FlagsOfTestNG" name="run" time="0.001"/>
  <testcase classname="testNGFramework.FlagsOfTestNG" name="gun" time="0.002"/>
  <testcase classname="testNGFramework.FlagsOfTestNG" name="bun" time="0.0">
    <ignored/>
  </testcase> <!-- bun -->
</testsuite> <!-- Default test -->
