<?xml version="1.0" encoding="UTF-8"?>
<testng-results ignored="1" total="7" passed="6" failed="0" skipped="0">
  <reporter-output>
    <line>
      <![CDATA[Run message]]>
    </line>
    <line>
      <![CDATA[Run message]]>
    </line>
    <line>
      <![CDATA[Run message]]>
    </line>
    <line>
      <![CDATA[Run message]]>
    </line>
    <line>
      <![CDATA[Run message]]>
    </line>
    <line>
      <![CDATA[Gun message]]>
    </line>
  </reporter-output>
  <suite started-at="2022-04-03T19:34:12 IST" name="Default suite" finished-at="2022-04-03T19:34:12 IST" duration-ms="75">
    <groups>
    </groups>
    <test started-at="2022-04-03T19:34:12 IST" name="Default test" finished-at="2022-04-03T19:34:12 IST" duration-ms="75">
      <class name="testNGFramework.FlagsOfTestNG">
        <test-method signature="run()[pri:1, instance:testNGFramework.FlagsOfTestNG@4d910fd6]" started-at="2022-04-03T19:34:12 IST" name="run" finished-at="2022-04-03T19:34:12 IST" duration-ms="7" status="PASS">
          <reporter-output>
            <line>
              <![CDATA[Run message]]>
            </line>
          </reporter-output>
        </test-method> <!-- run -->
        <test-method signature="run()[pri:1, instance:testNGFramework.FlagsOfTestNG@4d910fd6]" started-at="2022-04-03T19:34:12 IST" name="run" finished-at="2022-04-03T19:34:12 IST" duration-ms="2" status="PASS">
          <reporter-output>
            <line>
              <![CDATA[Run message]]>
            </line>
          </reporter-output>
        </test-method> <!-- run -->
        <test-method signature="run()[pri:1, instance:testNGFramework.FlagsOfTestNG@4d910fd6]" started-at="2022-04-03T19:34:12 IST" name="run" finished-at="2022-04-03T19:34:12 IST" duration-ms="2" status="PASS">
          <reporter-output>
            <line>
              <![CDATA[Run message]]>
            </line>
          </reporter-output>
        </test-method> <!-- run -->
        <test-method signature="run()[pri:1, instance:testNGFramework.FlagsOfTestNG@4d910fd6]" started-at="2022-04-03T19:34:12 IST" name="run" finished-at="2022-04-03T19:34:12 IST" duration-ms="4" status="PASS">
          <reporter-output>
            <line>
              <![CDATA[Run message]]>
            </line>
          </reporter-output>
        </test-method> <!-- run -->
        <test-method signature="run()[pri:1, instance:testNGFramework.FlagsOfTestNG@4d910fd6]" started-at="2022-04-03T19:34:12 IST" name="run" finished-at="2022-04-03T19:34:12 IST" duration-ms="1" status="PASS">
          <reporter-output>
            <line>
              <![CDATA[Run message]]>
            </line>
          </reporter-output>
        </test-method> <!-- run -->
        <test-method signature="gun()[pri:3, instance:testNGFramework.FlagsOfTestNG@4d910fd6]" started-at="2022-04-03T19:34:12 IST" name="gun" finished-at="2022-04-03T19:34:12 IST" duration-ms="2" status="PASS">
          <reporter-output>
            <line>
              <![CDATA[Gun message]]>
            </line>
          </reporter-output>
        </test-method> <!-- gun -->
      </class> <!-- testNGFramework.FlagsOfTestNG -->
    </test> <!-- Default test -->
  </suite> <!-- Default suite -->
</testng-results>
